<?xml version="1.0" encoding="UTF-8" standalone="no"?>
<testsuite errors="0" failures="1" name="io.cucumber.core.plugin.JUnitFormatter" skipped="0" tests="1" time="2.67">
    <testcase classname="Caja" name="Apertura de caja Successes" time="0.474">
        <failure message="The scenario has pending or undefined step(s)" type="java.lang.Exception">
            <![CDATA[Given I Launch Chrome Browser...............................................passed
When I open urupago homepage "http://cobranza.qa.urupago.com.uy/login"......undefined
And User Enter UserName as "rgonzalez" and password as "Password.01"........skipped
And Click on Login..........................................................skipped
And Mouse move on Caja......................................................skipped
Then user can view confirmation messages "Urupago - Apertura de caja".......skipped
And close browser...........................................................skipped
]]>
        </failure>
    </testcase>
</testsuite>
